🚀 开始执行：NodeSeek 自动签到 + Cookie 检测...
🔍 正在检查 Cookie 有效性...
✅ Cookie 有效，继续推送战报...
📤 正在发送战报...
✅ Telegram 消息发送成功！
✅ 推送成功！
🚀 开始执行：NodeSeek 自动签到 + Cookie 检测...
🔍 正在检查 Cookie 有效性...
✅ Cookie 有效，继续推送战报...
📤 正在发送战报...
✅ Telegram 消息发送成功！
✅ 推送成功！
🚀 开始执行：NodeSeek 自动签到 + Cookie 检测...
🔍 正在检查 Cookie 有效性...
✅ Cookie 有效，继续推送战报...
⚠️ 日志无有效数据，正在实时查询...
📤 正在发送战报...
✅ Telegram 消息发送成功！
✅ 推送成功！
🚀 开始执行：NodeSeek 自动签到 + Cookie 检测...
🔍 正在检查 Cookie 有效性...
✅ Cookie 有效，继续推送战报...
⚠️ 日志无有效数据，正在实时查询...
📤 正在发送战报...
✅ Telegram 消息发送成功！
✅ 推送成功！
