[2026-03-31T08:58:48.663Z] 🚀 [Playwright] 正在启动浏览器...
[2026-03-31T08:58:48.782Z] 🍪 已加载 7 个 Cookie
[2026-03-31T08:58:48.786Z] 🌐 正在访问 NodeSeek...
[2026-03-31T08:58:53.177Z] ℹ️ 今日状态：已签到
[2026-03-31T08:58:53.189Z] 💾 Cookie 已更新保存
[2026-03-31T08:58:53.189Z] 
=== NodeSeek 自动签到战报 ===
[重复签到] NodeSeek
ℹ️ 今日状态：已经领取过鸡腿🍗
🍗 当前鸡腿：4
🏆 当前排名：第 5558 名
=============================

[2026-03-31T09:01:27.318Z] 🚀 [Playwright] 正在启动浏览器...
[2026-03-31T09:01:27.590Z] 🍪 已加载 8 个 Cookie
[2026-03-31T09:01:27.594Z] 🌐 正在访问 NodeSeek...
[2026-03-31T09:02:27.597Z] ❌ 执行失败：page.goto: Timeout 60000ms exceeded.
Call log:
  - navigating to "https://www.nodeseek.com/board", waiting until "networkidle"

[2026-03-31T09:03:28.581Z] 🚀 [Playwright] 正在启动浏览器...
[2026-03-31T09:03:28.701Z] 🍪 已加载 8 个 Cookie
[2026-03-31T09:03:28.704Z] 🌐 正在访问 NodeSeek...
[2026-03-31T09:03:33.819Z] 🧩 验证阻塞：出现人机验证
[2026-03-31T09:07:01.099Z] 🚀 [Playwright] 正在启动浏览器...
[2026-03-31T09:07:01.275Z] 🍪 已加载 5 个 Cookie
[2026-03-31T09:07:01.283Z] 🌐 正在访问 NodeSeek...
[2026-03-31T09:07:06.860Z] ℹ️ 今日状态：已签到
[2026-03-31T09:07:36.869Z] ❌ 执行失败：page.goto: Timeout 30000ms exceeded.
Call log:
  - navigating to "https://www.nodeseek.com/", waiting until "networkidle"

[2026-03-31T09:10:51.739Z] 🚀 [Playwright] 正在启动浏览器...
[2026-03-31T09:10:51.909Z] 🍪 已加载 5 个 Cookie
[2026-03-31T09:10:51.921Z] 🌐 正在访问 NodeSeek...
[2026-03-31T09:10:57.405Z] ℹ️ 今日状态：已签到
[2026-03-31T09:10:57.413Z] 🔄 当前页未获取到鸡腿数，尝试访问首页...
[2026-03-31T09:11:00.506Z] 💾 Cookie 已更新保存
[2026-03-31T09:11:00.506Z] 
=== NodeSeek 自动签到战报 ===
[重复签到] NodeSeek
ℹ️ 今日状态：已经领取过鸡腿🍗
🍗 当前鸡腿：未获取到
🏆 当前排名：未获取到
=============================

[2026-03-31T09:12:03.307Z] 🚀 [Playwright] 正在启动浏览器...
[2026-03-31T09:12:03.501Z] 🍪 已加载 6 个 Cookie
[2026-03-31T09:12:03.506Z] 🌐 正在访问 NodeSeek...
[2026-03-31T09:12:08.759Z] 🧩 验证阻塞：出现人机验证
[2026-03-31T09:17:57.297Z] 🚀 [Playwright] 正在启动浏览器...
[2026-03-31T09:17:57.486Z] 🍪 已加载 7 个 Cookie
[2026-03-31T09:17:57.488Z] 🌐 正在访问 NodeSeek...
[2026-03-31T09:18:02.893Z] ℹ️ 今日状态：已签到
[2026-03-31T09:18:02.908Z] 💾 Cookie 已更新保存
[2026-03-31T09:18:02.908Z] 
=== NodeSeek 自动签到战报 ===
[重复签到] NodeSeek
ℹ️ 今日状态：已经领取过鸡腿🍗
🍗 当前鸡腿：4
🏆 当前排名：第 5603 名
=============================

[2026-03-31T09:24:50.464Z] 🚀 [Ultimate] 正在启动浏览器...
[2026-03-31T09:24:50.594Z] 🍪 尝试使用本地 Cookie (8 个)...
[2026-03-31T09:24:50.597Z] 🌐 正在访问 https://www.nodeseek.com/board...
[2026-03-31T09:24:55.763Z] ℹ️ 今日状态：已签到
[2026-03-31T09:24:55.765Z] 💾 Cookie 已更新保存
[2026-03-31T09:24:55.765Z] 🎉 签到流程结束
🚀 [Ultimate] 正在启动浏览器...
[2026-03-31T16:01:02.938Z] 🚀 [Ultimate] 正在启动浏览器...
🍪 尝试使用本地 Cookie (8 个)...
[2026-03-31T16:01:04.984Z] 🍪 尝试使用本地 Cookie (8 个)...
🌐 正在访问 https://www.nodeseek.com/board...
[2026-03-31T16:01:05.004Z] 🌐 正在访问 https://www.nodeseek.com/board...
ℹ️ 今日状态：已签到
[2026-03-31T16:01:10.671Z] ℹ️ 今日状态：已签到
💾 Cookie 已更新保存
[2026-03-31T16:01:10.677Z] 💾 Cookie 已更新保存
🎉 签到流程结束
[2026-03-31T16:01:10.677Z] 🎉 签到流程结束
[2026-03-31T16:02:36.175Z] 🚀 [Ultimate] 正在启动浏览器...
[2026-03-31T16:02:36.434Z] 🍪 尝试使用本地 Cookie (8 个)...
[2026-03-31T16:02:36.454Z] 🌐 正在访问 https://www.nodeseek.com/board...
[2026-03-31T16:02:41.847Z] ℹ️ 今日状态：已签到
[2026-03-31T16:02:41.851Z] 💾 Cookie 已更新保存
[2026-03-31T16:02:41.851Z] 🎉 签到流程结束
[2026-03-31T16:09:17.697Z] 🚀 [Ultimate] 正在启动浏览器...
[2026-03-31T16:09:17.960Z] 🍪 尝试使用本地 Cookie (8 个)...
[2026-03-31T16:09:17.964Z] 🌐 正在访问 https://www.nodeseek.com/board...
[2026-03-31T16:09:23.181Z] ℹ️ 今日状态：已签到
[2026-03-31T16:09:23.202Z] 🔄 当前页未获取到鸡腿数，尝试访问首页...
[2026-03-31T16:09:25.297Z] 
📊 **NodeSeek 每日签到战报**
📅 日期：2026/4/1
ℹ️ [重复签到] NodeSeek
ℹ️ 今日状态：已经领取过鸡腿🍗
🍗 当前鸡腿：未获取到
🏆 当前排名：未获取到
=============================

[2026-03-31T16:09:25.299Z] 💾 Cookie 已更新保存
[2026-03-31T16:09:25.299Z] 🎉 签到流程结束
[2026-03-31T16:13:47.861Z] 🚀 [Ultimate] 正在启动浏览器...
[2026-03-31T16:13:48.044Z] 🍪 尝试使用本地 Cookie (8 个)...
[2026-03-31T16:13:48.051Z] 🌐 正在访问 https://www.nodeseek.com/board...
[2026-03-31T16:13:53.229Z] ℹ️ 今日状态：已签到
[2026-03-31T16:13:53.231Z] 🔄 当前页未获取到鸡腿数，尝试访问首页...
[2026-03-31T16:13:55.278Z] 
📊 **NodeSeek 每日签到战报**
📅 日期：2026/4/1
ℹ️ [重复签到] NodeSeek
ℹ️ 今日状态：已经领取过鸡腿🍗
🍗 当前鸡腿：未获取到
🏆 当前排名：未获取到
=============================

[2026-03-31T16:13:55.281Z] 💾 Cookie 已更新保存
[2026-03-31T16:13:55.281Z] 🎉 签到流程结束
[2026-03-31T16:14:18.857Z] 🚀 [Ultimate] 正在启动浏览器...
[2026-03-31T16:14:19.082Z] 🌐 正在访问 https://www.nodeseek.com/board...
[2026-03-31T16:14:24.821Z] ℹ️ 今日状态：已签到
[2026-03-31T16:14:24.824Z] 🔄 当前页未获取到鸡腿数，尝试访问首页...
[2026-03-31T16:14:26.940Z] 
📊 **NodeSeek 每日签到战报**
📅 日期：2026/4/1
ℹ️ [重复签到] NodeSeek
ℹ️ 今日状态：已经领取过鸡腿🍗
🍗 当前鸡腿：未获取到
🏆 当前排名：未获取到
=============================

[2026-03-31T16:14:26.942Z] 💾 Cookie 已更新保存
[2026-03-31T16:14:26.942Z] 🎉 签到流程结束
[2026-03-31T16:15:56.569Z] 🚀 [Ultimate] 正在启动浏览器...
[2026-03-31T16:15:56.678Z] 🍪 尝试使用本地 Cookie (2 个)...
[2026-03-31T16:15:56.680Z] 🌐 正在访问 https://www.nodeseek.com/board...
[2026-03-31T16:16:01.842Z] ℹ️ 今日状态：已签到
[2026-03-31T16:16:01.845Z] 🔄 当前页未获取到鸡腿数，尝试访问首页...
[2026-03-31T16:16:03.910Z] 
📊 **NodeSeek 每日签到战报**
📅 日期：2026/4/1
ℹ️ [重复签到] NodeSeek
ℹ️ 今日状态：已经领取过鸡腿🍗
🍗 当前鸡腿：未获取到
🏆 当前排名：未获取到
=============================

[2026-03-31T16:16:03.912Z] 💾 Cookie 已更新保存
[2026-03-31T16:16:03.912Z] 🎉 签到流程结束
[2026-03-31T16:17:59.904Z] 🚀 [Ultimate] 正在启动浏览器...
[2026-03-31T16:18:00.080Z] 🍪 尝试使用本地 Cookie (2 个)...
[2026-03-31T16:18:00.085Z] 🌐 正在访问 https://www.nodeseek.com/board...
[2026-03-31T16:18:05.382Z] ⚠️ 检测到 Cloudflare 拦截，无法自动签到！
[2026-03-31T16:18:05.382Z] 🔔 请手动登录 NodeSeek 完成今日签到。
[2026-03-31T16:18:05.396Z] 
📊 **NodeSeek 每日签到战报**
📅 日期：2026/4/1
⚠️ [自动失败] Cloudflare 拦截
🔔 请手动登录 NodeSeek 完成今日签到。
=============================

[2026-03-31T16:22:31.097Z] 🚀 [Ultimate] 正在启动浏览器...
[2026-03-31T16:22:31.216Z] 🍪 尝试使用本地 Cookie (2 个)...
[2026-03-31T16:22:31.218Z] 🌐 正在访问 https://www.nodeseek.com/board...
[2026-03-31T16:22:36.365Z] ⚠️ 检测到 Cloudflare 拦截，尝试强制登录...
[2026-03-31T16:22:39.410Z] ❌ 登录页也被拦截，无法自动签到。
[2026-03-31T16:22:39.429Z] 
📊 **NodeSeek 每日签到战报**
📅 日期：2026/4/1
❌ [自动失败] 登录页也被拦截
🔔 请手动登录 NodeSeek 完成今日签到。
=============================

[2026-03-31T16:38:17.063Z] 🚀 [Ultimate] 正在启动浏览器 (Cloudflare 绕过模式)...
[2026-03-31T16:38:17.068Z] ❌ 执行异常: browserType.launch: headless: expected boolean, got string
[2026-03-31T16:38:49.717Z] 🚀 [Ultimate] 正在启动浏览器 (Cloudflare 绕过模式)...
[2026-03-31T16:38:49.896Z] 🌐 正在访问登录页: https://www.nodeseek.com/login ...
[2026-03-31T16:38:49.896Z] ⏳ 等待 Cloudflare 自动验证 (约 15 秒)...
[2026-03-31T16:39:05.076Z] ❌ 登录页内容异常，无法判断状态。
[2026-03-31T16:39:05.076Z] 响应内容前 200 字符:
[2026-03-31T16:43:35.109Z] 🚀 [Ultimate] 正在启动浏览器 (完美模拟真人模式)...
[2026-03-31T16:43:35.247Z] 🍪 已加载 7 个新鲜 Cookie
[2026-03-31T16:43:35.247Z] 🌐 正在访问签到页: https://www.nodeseek.com/board ...
[2026-03-31T16:43:39.545Z] ✅ 页面加载成功，未检测到拦截！
[2026-03-31T16:43:39.546Z] 📝 检测到未签到，尝试点击签到...
[2026-03-31T16:43:39.548Z] ✅ 已点击签到按钮
[2026-03-31T16:43:42.553Z] 🎲 已点击"试试手气"
[2026-03-31T16:43:44.557Z] 🔄 当前页未获取到鸡腿数，尝试访问首页...
[2026-03-31T16:43:46.678Z] 
📊 **NodeSeek 每日签到战报**
📅 日期：2026/3/31
✅ [签到成功] NodeSeek
🎁 今日领取：已点击，奖励提取中
🎲 试试手气：已点击
🍗 当前鸡腿：未获取到
🏆 当前排名：未获取到
=============================

[2026-03-31T16:43:46.682Z] 💾 Cookie 已更新保存
[2026-03-31T16:43:46.682Z] 🎉 签到流程结束
[2026-03-31T16:48:06.343Z] 🚀 [Ultimate] 正在启动浏览器 (修复等待逻辑)...
[2026-03-31T16:48:06.504Z] 🍪 已加载 8 个新鲜 Cookie
[2026-03-31T16:48:06.505Z] 🌐 正在访问签到页: https://www.nodeseek.com/board ...
[2026-03-31T16:48:36.507Z] ❌ 执行异常: page.goto: Timeout 30000ms exceeded.
Call log:
  - navigating to "https://www.nodeseek.com/board", waiting until "networkidle"

[2026-03-31T16:49:45.557Z] 🚀 [Ultimate] 正在启动浏览器 (修复等待逻辑)...
[2026-03-31T16:49:45.776Z] 🍪 已加载 8 个新鲜 Cookie
[2026-03-31T16:49:45.776Z] 🌐 正在访问签到页: https://www.nodeseek.com/board ...
[2026-03-31T16:49:48.921Z] ❌ 检测到 Cloudflare 拦截。
[2026-03-31T16:49:48.935Z] 
📊 **NodeSeek 每日签到战报**
📅 日期：2026/3/31
❌ [自动失败] Cloudflare 拦截
=============================

[2026-03-31T16:54:33.127Z] 🚀 [Ultimate] 正在启动浏览器 (互斥按钮逻辑)...
[2026-03-31T16:54:33.258Z] 🍪 已加载 8 个新鲜 Cookie
[2026-03-31T16:54:33.258Z] 🌐 正在访问签到页: https://www.nodeseek.com/board ...
[2026-03-31T16:54:36.375Z] ❌ 检测到 Cloudflare 拦截。
[2026-03-31T16:54:36.388Z] 
📊 **NodeSeek 每日签到战报**
📅 日期：2026/3/31
❌ [自动失败] Cloudflare 拦截
=============================

[2026-03-31T16:57:07.619Z] 🚀 [Ultimate] 正在启动浏览器 (只点试试手气)...
[2026-03-31T16:57:07.847Z] 🍪 已加载 8 个新鲜 Cookie
[2026-03-31T16:57:07.847Z] 🌐 正在访问签到页: https://www.nodeseek.com/board ...
[2026-03-31T16:57:10.986Z] ❌ 检测到 Cloudflare 拦截。
[2026-03-31T16:57:11.004Z] 
📊 **NodeSeek 每日签到战报**
📅 日期：2026/3/31
❌ [自动失败] Cloudflare 拦截
=============================

🚀 [Ultimate] 正在启动浏览器 (只点试试手气)...
[2026-04-01T16:01:03.642Z] 🚀 [Ultimate] 正在启动浏览器 (只点试试手气)...
🍪 已加载 8 个新鲜 Cookie
[2026-04-01T16:01:05.560Z] 🍪 已加载 8 个新鲜 Cookie
🌐 正在访问签到页: https://www.nodeseek.com/board ...
[2026-04-01T16:01:05.561Z] 🌐 正在访问签到页: https://www.nodeseek.com/board ...
❌ 检测到 Cloudflare 拦截。
[2026-04-01T16:01:09.066Z] ❌ 检测到 Cloudflare 拦截。

📊 **NodeSeek 每日签到战报**
📅 日期：2026/4/1
❌ [自动失败] Cloudflare 拦截
=============================

[2026-04-01T16:01:09.135Z] 
📊 **NodeSeek 每日签到战报**
📅 日期：2026/4/1
❌ [自动失败] Cloudflare 拦截
=============================


📊 **NodeSeek 每日签到战报**
📅 日期：2026/4/1
❌ [自动失败] Cloudflare 拦截
=============================

🚀 [Ultimate] 正在启动浏览器 (只点试试手气)...
[2026-04-02T16:01:03.743Z] 🚀 [Ultimate] 正在启动浏览器 (只点试试手气)...
🍪 已加载 8 个新鲜 Cookie
[2026-04-02T16:01:06.980Z] 🍪 已加载 8 个新鲜 Cookie
🌐 正在访问签到页: https://www.nodeseek.com/board ...
[2026-04-02T16:01:06.980Z] 🌐 正在访问签到页: https://www.nodeseek.com/board ...
❌ 检测到 Cloudflare 拦截。
[2026-04-02T16:01:10.591Z] ❌ 检测到 Cloudflare 拦截。

📊 **NodeSeek 每日签到战报**
📅 日期：2026/4/2
❌ [自动失败] Cloudflare 拦截
=============================

[2026-04-02T16:01:10.686Z] 
📊 **NodeSeek 每日签到战报**
📅 日期：2026/4/2
❌ [自动失败] Cloudflare 拦截
=============================


📊 **NodeSeek 每日签到战报**
📅 日期：2026/4/2
❌ [自动失败] Cloudflare 拦截
=============================

[2026-04-02T18:21:36.025Z] 🚀 [Ultimate] 启动浏览器 (精准提取鸡腿数)...
[2026-04-02T18:21:36.315Z] 🍪 已加载 1 个 Cookie
[2026-04-02T18:21:36.316Z] ❌ 执行失败: browserContext.addCookies: cookies[0].value: expected string, got undefined
[2026-04-02T18:28:58.207Z] 🚀 [Ultimate] 启动浏览器 (精准提取鸡腿数)...
[2026-04-02T18:28:58.584Z] 🍪 已加载 1 个 Cookie
[2026-04-02T18:28:58.584Z] ❌ 执行失败: browserContext.addCookies: cookies[0].value: expected string, got undefined
[2026-04-02T18:30:41.418Z] 🚀 [Ultimate] 启动浏览器 (精准提取鸡腿数)...
[2026-04-02T18:30:41.560Z] 🍪 已加载 7 个 Cookie
[2026-04-02T18:30:41.562Z] 🌐 访问签到页...
[2026-04-02T18:30:44.051Z] ✅ 页面加载成功
[2026-04-02T18:30:44.051Z] 🎲 寻找并点击【试试手气】...
[2026-04-02T18:30:44.055Z] ⚠️ 未找到【试试手气】按钮
[2026-04-02T18:38:02.058Z] 🚀 [Ultimate] 启动浏览器 (精准提取鸡腿数)...
[2026-04-02T18:38:02.212Z] 🍪 已加载 7 个 Cookie
[2026-04-02T18:38:02.213Z] 🌐 访问签到页...
[2026-04-02T18:38:04.603Z] ✅ 页面加载成功
[2026-04-02T18:38:04.604Z] ℹ️ 已签到，直接提取奖励...
[2026-04-02T18:38:04.604Z] 🔍 提取奖励数据...
[2026-04-02T18:38:04.617Z] 
=========================== 📊 NodeSeek 每日签到战报 ===========================
[2026-04-02T18:38:04.617Z] 📅 日期：2026/4/3
[2026-04-02T18:38:04.617Z] 🕒 北京时间：02:38:04
[2026-04-02T18:38:04.617Z] ✅ [签到成功] NodeSeek
[2026-04-02T18:38:04.617Z] 🎁 今日领取：3 个鸡腿🍗 (精准提取)
[2026-04-02T18:38:04.617Z] 🏆 当前排名：第 1678 名
[2026-04-02T18:38:04.617Z] =========================================================================
[2026-04-02T18:38:04.617Z] 🍗 鸡腿已到手，明日继续！
[2026-04-03T16:01:03.732Z] 🚀 [Ultimate] 启动浏览器 (精准提取鸡腿数)...
[2026-04-03T16:01:07.081Z] 🍪 已加载 7 个 Cookie
[2026-04-03T16:01:07.082Z] 🌐 访问签到页...
[2026-04-03T16:01:10.363Z] ✅ 页面加载成功
[2026-04-03T16:01:10.363Z] 🎲 未签到，寻找并点击按钮...
[2026-04-03T16:01:10.366Z] ✅ 已点击按钮，等待刷新...
[2026-04-03T16:01:13.371Z] 🔍 提取奖励数据...
[2026-04-03T16:01:13.552Z] 
=========================== 📊 NodeSeek 每日签到战报 ===========================
[2026-04-03T16:01:13.553Z] 📅 日期：2026/4/4
[2026-04-03T16:01:13.553Z] 🕒 北京时间：00:01:13
[2026-04-03T16:01:13.553Z] ✅ [签到成功] NodeSeek
[2026-04-03T16:01:13.553Z] 🎁 今日领取：签到成功 (具体数量需手动确认，未检测到数值)
[2026-04-03T16:01:13.553Z] 🏆 当前排名：第 未知 名
[2026-04-03T16:01:13.553Z] =========================================================================
[2026-04-03T16:01:13.553Z] 🍗 鸡腿已到手，明日继续！
[2026-04-03T17:42:54.857Z] 🚀 [Ultimate] 启动浏览器 (精准提取鸡腿数)...
[2026-04-03T17:42:55.351Z] 🍪 已加载 7 个 Cookie
[2026-04-03T17:42:55.352Z] 🌐 访问签到页...
[2026-04-03T17:42:57.826Z] ✅ 页面加载成功
[2026-04-03T17:42:57.826Z] 🎲 未签到，寻找并点击按钮...
[2026-04-03T17:42:57.829Z] ✅ 已点击按钮，等待刷新...
[2026-04-03T17:43:00.835Z] 🔍 提取奖励数据...
[2026-04-03T17:43:00.856Z] 
=========================== 📊 NodeSeek 每日签到战报 ===========================
[2026-04-03T17:43:00.857Z] 📅 日期：2026/4/4
[2026-04-03T17:43:00.857Z] 🕒 北京时间：01:43:00
[2026-04-03T17:43:00.857Z] ✅ [签到成功] NodeSeek
[2026-04-03T17:43:00.857Z] 🎁 今日领取：签到成功 (具体数量需手动确认，未检测到数值)
[2026-04-03T17:43:00.857Z] 🏆 当前排名：第 未知 名
[2026-04-03T17:43:00.858Z] =========================================================================
[2026-04-03T17:43:00.858Z] 🍗 鸡腿已到手，明日继续！
